=== Coordination Check: Sun Feb 15 01:06:29 HKT 2026 ===

Checking agent inboxes...
  🔨 forge: Working on task-w1-forge-001
  ✅ sight: No tasks (idle)
  ✅ pulse: No tasks (idle)

System Health:
  Gateways running: 5/5
  Ports listening: 5/5
  Overall status: ready-to-start

=== Check complete ===

=== Coordination Check: Sun Feb 15 10:00:01 HKT 2026 ===
=== Coordination Check: Sun Feb 15 10:00:01 HKT 2026 ===


Checking agent inboxes...
Checking agent inboxes...
  ℹ️  forge: Status = completed
  ℹ️  forge: Status = completed
  ⚠️  sight: Task task-w1-sight-002 pending for 29518680 min
  ⚠️  sight: Task task-w1-sight-002 pending for 29518680 min
     Action: Should notify agent to check inbox
     Action: Should notify agent to check inbox
  ✅ pulse: No tasks (idle)
  ✅ pulse: No tasks (idle)


System Health:
System Health:
  Gateways running: 6/5
  Gateways running: 6/5
  Ports listening: 5/5
  Ports listening: 5/5
  Overall status: in-progress
  Overall status: in-progress


=== Check complete ===
=== Check complete ===


=== Coordination Check: Sun Feb 15 18:00:03 HKT 2026 ===
=== Coordination Check: Sun Feb 15 18:00:03 HKT 2026 ===


Checking agent inboxes...
Checking agent inboxes...
  ℹ️  forge: Status = completed
  ℹ️  forge: Status = completed
  ⚠️  sight: Task task-w1-sight-002 pending for 29519160 min
  ⚠️  sight: Task task-w1-sight-002 pending for 29519160 min
     Action: Should notify agent to check inbox
     Action: Should notify agent to check inbox
  ✅ pulse: No tasks (idle)
  ✅ pulse: No tasks (idle)


System Health:
System Health:
  Gateways running: 6/5
  Gateways running: 6/5
  Ports listening: 5/5
  Ports listening: 5/5
  Overall status: in-progress
  Overall status: in-progress


=== Check complete ===
=== Check complete ===


=== Coordination Check: Mon Feb 16 10:00:05 HKT 2026 ===
=== Coordination Check: Mon Feb 16 10:00:05 HKT 2026 ===


Checking agent inboxes...
Checking agent inboxes...
  ℹ️  forge: Status = completed
  ℹ️  forge: Status = completed
  ⚠️  sight: Task task-w1-sight-002 pending for 29520120 min
  ⚠️  sight: Task task-w1-sight-002 pending for 29520120 min
     Action: Should notify agent to check inbox
     Action: Should notify agent to check inbox
  ✅ pulse: No tasks (idle)
  ✅ pulse: No tasks (idle)


System Health:
System Health:
  Gateways running: 6/5
  Gateways running: 6/5
  Ports listening: 1/5
  Ports listening: 1/5
  Overall status: in-progress
  Overall status: in-progress


=== Check complete ===
=== Check complete ===


=== Coordination Check: Mon Feb 16 18:00:02 HKT 2026 ===
=== Coordination Check: Mon Feb 16 18:00:02 HKT 2026 ===


Checking agent inboxes...
Checking agent inboxes...
  ℹ️  forge: Status = completed
  ℹ️  forge: Status = completed
  ⚠️  sight: Task task-w1-sight-002 pending for 29520600 min
  ⚠️  sight: Task task-w1-sight-002 pending for 29520600 min
     Action: Should notify agent to check inbox
     Action: Should notify agent to check inbox
  ✅ pulse: No tasks (idle)
  ✅ pulse: No tasks (idle)


System Health:
System Health:
  Gateways running: 6/5
  Gateways running: 6/5
  Ports listening: 5/5
  Ports listening: 5/5
  Overall status: in-progress
  Overall status: in-progress


=== Check complete ===
=== Check complete ===


=== Coordination Check: Tue Feb 17 10:00:02 HKT 2026 ===
=== Coordination Check: Tue Feb 17 10:00:02 HKT 2026 ===


Checking agent inboxes...
Checking agent inboxes...
  ℹ️  forge: Status = completed
  ℹ️  forge: Status = completed
  ⚠️  sight: Task task-w1-sight-002 pending for 29521560 min
  ⚠️  sight: Task task-w1-sight-002 pending for 29521560 min
     Action: Should notify agent to check inbox
     Action: Should notify agent to check inbox
  ✅ pulse: No tasks (idle)
  ✅ pulse: No tasks (idle)


System Health:
System Health:
  Gateways running: 6/5
  Gateways running: 6/5
  Ports listening: 5/5
  Ports listening: 5/5
  Overall status: in-progress
  Overall status: in-progress


=== Check complete ===
=== Check complete ===


=== Coordination Check: Tue Feb 17 18:00:01 HKT 2026 ===

Checking agent inboxes...
  🏁 forge: Last task task-w1-forge-001 completed
  🏁 sight: Last task task-w2-sight-001 completed
  ✅ pulse: No tasks (idle)

System Health:
  ⚠️  Gateways running: 6/5 (MISMATCH)
  ✅ Ports listening: 5/5
  ✅ Status board: Updated 0h ago
  📊 Overall status: in-progress

=== Check complete ===

2026-02-18 06:10:44 === Coordination Check Started ===
2026-02-18 06:10:44 ℹ️  forge: Status = pending (Pending for 571 min)
2026-02-18 06:10:44 ⚠️  ALERT: forge task pending for > 1 hour!
2026-02-18 06:10:44 ✅ sight: Status = completed
2026-02-18 06:10:44 ✅ pulse: Status = empty
2026-02-18 06:10:44 System Health: Gateways running: 10 / 5 (Target)
2026-02-18 06:10:44 === Check Complete ===
2026-02-18 06:10:53 === Coordination Check Started ===
2026-02-18 06:10:53 ℹ️  forge: Status = pending (Pending for 571 min)
2026-02-18 06:10:53 ⚠️  ALERT: forge task pending for > 1 hour!
2026-02-18 06:10:53 ✅ sight: Status = completed
2026-02-18 06:10:53 ✅ pulse: Status = empty
2026-02-18 06:10:53 System Health: Gateways running: 5 / 5 (Target)
2026-02-18 06:10:53 === Check Complete ===
